<?xml version="1.0" encoding="UTF-8"?>
<testsuite xmlns:xsi="http://www.w3.org/2001/XMLSchema-instance" xsi:noNamespaceSchemaLocation="https://maven.apache.org/surefire/maven-surefire-plugin/xsd/surefire-test-report-3.0.xsd" version="3.0" name="com.fcfm.backend.BackEndApplicationTests" time="3.164" tests="1" errors="0" skipped="0" failures="0">
  <properties>
[...]
</properties>
  <testcase name="contextLoads" classname="com.fcfm.backend.BackEndApplicationTests" time="0.895">
    <system-out><![CDATA[22:06:20.676 [main] INFO org.springframework.test.context.support.AnnotationConfigContextLoaderUtils -- Could not detect default configuration classes for test class [com.fcfm.backend.BackEndApplicationTests]: BackEndApplicationTests does not declare any static, non-private, non-final, nested classes annotated with @Configuration.
22:06:20.793 [main] INFO org.springframework.boot.test.context.SpringBootTestContextBootstrapper -- Found @SpringBootConfiguration com.fcfm.backend.BackEndApplication for test class com.fcfm.backend.BackEndApplicationTests

  .   ____          _            __ _ _
 /\\ / ___'_ __ _ _(_)_ __  __ _ \ \ \ \
( ( )\___ | '_ | '_| | '_ \/ _` | \ \ \ \
 \\/  ___)| |_)| | | | | || (_| |  ) ) ) )
  '  |____| .__|_| |_|_| |_\__, | / / / /
 =========|_|==============|___/=/_/_/_/
 :: Spring Boot ::                (v3.2.3)

2024-03-20T22:06:21.283-06:00  INFO 13864 --- [back-end] [           main] c.fcfm.backend.BackEndApplicationTests   : Starting BackEndApplicationTests using Java 17.0.10 with PID 13864 (started by trobl in D:\OneDrive - Universidad Autonoma de Nuevo León\libros facu\6 to sem\back\2\back-end\back-end)
2024-03-20T22:06:21.286-06:00  INFO 13864 --- [back-end] [           main] c.fcfm.backend.BackEndApplicationTests   : No active profile set, falling back to 1 default profile: "default"
2024-03-20T22:06:22.731-06:00  INFO 13864 --- [back-end] [           main] c.fcfm.backend.BackEndApplicationTests   : Started BackEndApplicationTests in 1.744 seconds (process running for 2.82)
]]></system-out>
  </testcase>
</testsuite>